[2021-08-27 17:23:27][trigger][error]:[Uncaught Swoole\Error: API must be called in the coroutine in /Volumes/HDD/project/chat_api/vendor/easyswoole/mysqli/src/Client.php:110
Stack trace:
#0 /Volumes/HDD/project/chat_api/vendor/easyswoole/mysqli/src/Client.php(110): Swoole\Coroutine\MySQL->connect(Array)
#1 /Volumes/HDD/project/chat_api/vendor/easyswoole/orm/src/Db/MysqlPool.php(18): EasySwoole\Mysqli\Client->connect()
#2 /Volumes/HDD/project/chat_api/vendor/easyswoole/pool/src/AbstractPool.php(304): EasySwoole\ORM\Db\MysqlPool->createObject()
#3 /Volumes/HDD/project/chat_api/vendor/easyswoole/pool/src/AbstractPool.php(111): EasySwoole\Pool\AbstractPool->initObject()
#4 /Volumes/HDD/project/chat_api/vendor/easyswoole/pool/src/AbstractPool.php(402): EasySwoole\Pool\AbstractPool->getObj(3)
#5 /Volumes/HDD/project/chat_api/vendor/easyswoole/orm/src/Db/Connection.php(26): EasySwoole\Pool\AbstractPool->defer(3)
#6 /Volumes/HDD/project/chat_api/vendor/easyswoole/orm/src/Utility/TableObjectGeneration.php(46): EasySwoole\ORM\Db\Connection->defer()
#7 /Vol at file:/Volumes/HDD/project/chat_api/vendor/easyswoole/mysqli/src/Client.php line:110]
[2021-08-27 17:24:54][trigger][error]:[Uncaught Swoole\Error: API must be called in the coroutine in /Volumes/HDD/project/chat_api/vendor/easyswoole/mysqli/src/Client.php:110
Stack trace:
#0 /Volumes/HDD/project/chat_api/vendor/easyswoole/mysqli/src/Client.php(110): Swoole\Coroutine\MySQL->connect(Array)
#1 /Volumes/HDD/project/chat_api/vendor/easyswoole/orm/src/Db/MysqlPool.php(18): EasySwoole\Mysqli\Client->connect()
#2 /Volumes/HDD/project/chat_api/vendor/easyswoole/pool/src/AbstractPool.php(304): EasySwoole\ORM\Db\MysqlPool->createObject()
#3 /Volumes/HDD/project/chat_api/vendor/easyswoole/pool/src/AbstractPool.php(111): EasySwoole\Pool\AbstractPool->initObject()
#4 /Volumes/HDD/project/chat_api/vendor/easyswoole/pool/src/AbstractPool.php(402): EasySwoole\Pool\AbstractPool->getObj(3)
#5 /Volumes/HDD/project/chat_api/vendor/easyswoole/orm/src/Db/Connection.php(26): EasySwoole\Pool\AbstractPool->defer(3)
#6 /Volumes/HDD/project/chat_api/vendor/easyswoole/orm/src/Utility/TableObjectGeneration.php(46): EasySwoole\ORM\Db\Connection->defer()
#7 /Vol at file:/Volumes/HDD/project/chat_api/vendor/easyswoole/mysqli/src/Client.php line:110]
[2021-08-27 17:28:08][trigger][error]:[Uncaught Swoole\Error: API must be called in the coroutine in /Volumes/HDD/project/chat_api/vendor/easyswoole/mysqli/src/Client.php:110
Stack trace:
#0 /Volumes/HDD/project/chat_api/vendor/easyswoole/mysqli/src/Client.php(110): Swoole\Coroutine\MySQL->connect(Array)
#1 /Volumes/HDD/project/chat_api/vendor/easyswoole/orm/src/Db/MysqlPool.php(18): EasySwoole\Mysqli\Client->connect()
#2 /Volumes/HDD/project/chat_api/vendor/easyswoole/pool/src/AbstractPool.php(304): EasySwoole\ORM\Db\MysqlPool->createObject()
#3 /Volumes/HDD/project/chat_api/vendor/easyswoole/pool/src/AbstractPool.php(111): EasySwoole\Pool\AbstractPool->initObject()
#4 /Volumes/HDD/project/chat_api/vendor/easyswoole/pool/src/AbstractPool.php(402): EasySwoole\Pool\AbstractPool->getObj(3)
#5 /Volumes/HDD/project/chat_api/vendor/easyswoole/orm/src/Db/Connection.php(26): EasySwoole\Pool\AbstractPool->defer(3)
#6 /Volumes/HDD/project/chat_api/vendor/easyswoole/orm/src/Utility/TableObjectGeneration.php(46): EasySwoole\ORM\Db\Connection->defer()
#7 /Vol at file:/Volumes/HDD/project/chat_api/vendor/easyswoole/mysqli/src/Client.php line:110]
[2021-08-27 17:35:28][trigger][error]:[Using $this when not in object context at file:/Volumes/HDD/project/chat_api/EasySwooleEvent.php line:39]
[2021-08-27 17:35:29][trigger][error]:[Using $this when not in object context at file:/Volumes/HDD/project/chat_api/EasySwooleEvent.php line:46]
[2021-08-27 17:35:29][trigger][notice]:[Trying to get property 'code' of non-object at file:/Volumes/HDD/project/chat_api/UnitTest/BaseTest.php line:31]
[2021-08-27 17:38:50][trigger][error]:[Using $this when not in object context at file:/Volumes/HDD/project/chat_api/EasySwooleEvent.php line:39]
[2021-08-27 17:38:50][trigger][error]:[Using $this when not in object context at file:/Volumes/HDD/project/chat_api/EasySwooleEvent.php line:46]
[2021-08-27 17:38:50][trigger][notice]:[Trying to get property 'code' of non-object at file:/Volumes/HDD/project/chat_api/UnitTest/BaseTest.php line:32]
[2021-08-27 17:39:21][trigger][error]:[Using $this when not in object context at file:/Volumes/HDD/project/chat_api/EasySwooleEvent.php line:39]
[2021-08-27 17:39:21][trigger][error]:[Using $this when not in object context at file:/Volumes/HDD/project/chat_api/EasySwooleEvent.php line:46]
[2021-08-27 17:39:21][trigger][notice]:[Trying to get property 'code' of non-object at file:/Volumes/HDD/project/chat_api/UnitTest/BaseTest.php line:33]
[2021-08-27 17:40:07][trigger][error]:[Using $this when not in object context at file:/Volumes/HDD/project/chat_api/EasySwooleEvent.php line:39]
[2021-08-27 17:40:07][trigger][error]:[Using $this when not in object context at file:/Volumes/HDD/project/chat_api/EasySwooleEvent.php line:46]
[2021-08-27 17:40:07][trigger][notice]:[Trying to get property 'code' of non-object at file:/Volumes/HDD/project/chat_api/UnitTest/BaseTest.php line:33]
[2021-08-27 17:42:00][trigger][error]:[Using $this when not in object context at file:/Volumes/HDD/project/chat_api/EasySwooleEvent.php line:39]
[2021-08-27 17:42:00][trigger][error]:[Using $this when not in object context at file:/Volumes/HDD/project/chat_api/EasySwooleEvent.php line:46]
[2021-08-27 17:42:00][trigger][notice]:[Trying to get property 'code' of non-object at file:/Volumes/HDD/project/chat_api/UnitTest/BaseTest.php line:33]
[2021-08-27 17:42:35][trigger][error]:[Using $this when not in object context at file:/Volumes/HDD/project/chat_api/EasySwooleEvent.php line:39]
[2021-08-27 17:42:35][trigger][error]:[Using $this when not in object context at file:/Volumes/HDD/project/chat_api/EasySwooleEvent.php line:46]
[2021-08-27 17:42:35][trigger][notice]:[Trying to get property 'code' of non-object at file:/Volumes/HDD/project/chat_api/UnitTest/BaseTest.php line:34]
[2021-08-27 17:45:45][trigger][error]:[Using $this when not in object context at file:/Volumes/HDD/project/chat_api/EasySwooleEvent.php line:39]
[2021-08-27 17:45:45][trigger][error]:[Using $this when not in object context at file:/Volumes/HDD/project/chat_api/EasySwooleEvent.php line:45]
[2021-08-27 17:45:45][trigger][notice]:[Trying to get property 'code' of non-object at file:/Volumes/HDD/project/chat_api/UnitTest/BaseTest.php line:34]
[2021-08-27 17:46:28][trigger][error]:[Using $this when not in object context at file:/Volumes/HDD/project/chat_api/EasySwooleEvent.php line:39]
[2021-08-27 17:46:28][trigger][error]:[Using $this when not in object context at file:/Volumes/HDD/project/chat_api/EasySwooleEvent.php line:46]
[2021-08-27 17:46:28][trigger][notice]:[Trying to get property 'code' of non-object at file:/Volumes/HDD/project/chat_api/UnitTest/BaseTest.php line:34]
[2021-08-27 17:46:45][trigger][error]:[Using $this when not in object context at file:/Volumes/HDD/project/chat_api/EasySwooleEvent.php line:39]
[2021-08-27 17:46:45][trigger][error]:[Using $this when not in object context at file:/Volumes/HDD/project/chat_api/EasySwooleEvent.php line:46]
[2021-08-27 17:46:45][trigger][notice]:[Trying to get property 'code' of non-object at file:/Volumes/HDD/project/chat_api/UnitTest/BaseTest.php line:34]
[2021-08-27 17:48:07][trigger][error]:[Using $this when not in object context at file:/Volumes/HDD/project/chat_api/EasySwooleEvent.php line:39]
[2021-08-27 17:48:07][trigger][error]:[Using $this when not in object context at file:/Volumes/HDD/project/chat_api/EasySwooleEvent.php line:46]
[2021-08-27 17:48:07][trigger][notice]:[Trying to get property 'code' of non-object at file:/Volumes/HDD/project/chat_api/UnitTest/BaseTest.php line:34]
[2021-08-27 17:50:04][trigger][error]:[Too few arguments to function App\Utility\Cache\UserCache::makeSession(), 0 passed in /Volumes/HDD/project/chat_api/App/HttpController/Api/User/Auth.php on line 121 and exactly 1 expected at file:/Volumes/HDD/project/chat_api/App/Utility/Cache/UserCache.php line:64]
[2021-08-27 17:50:04][trigger][error]:[Too few arguments to function App\Utility\Cache\UserCache::makeSession(), 0 passed in /Volumes/HDD/project/chat_api/App/HttpController/Api/User/Auth.php on line 121 and exactly 1 expected at file:/Volumes/HDD/project/chat_api/App/Utility/Cache/UserCache.php line:64]
[2021-08-27 17:50:04][trigger][notice]:[Trying to get property 'code' of non-object at file:/Volumes/HDD/project/chat_api/UnitTest/BaseTest.php line:34]
[2021-08-27 17:55:43][trigger][error]:[Too few arguments to function App\Utility\Cache\UserCache::makeSession(), 0 passed in /Volumes/HDD/project/chat_api/App/HttpController/Api/User/Auth.php on line 121 and exactly 1 expected at file:/Volumes/HDD/project/chat_api/App/Utility/Cache/UserCache.php line:64]
[2021-08-27 17:55:43][trigger][error]:[Too few arguments to function App\Utility\Cache\UserCache::makeSession(), 0 passed in /Volumes/HDD/project/chat_api/App/HttpController/Api/User/Auth.php on line 121 and exactly 1 expected at file:/Volumes/HDD/project/chat_api/App/Utility/Cache/UserCache.php line:64]
[2021-08-27 17:55:43][trigger][notice]:[Trying to get property 'code' of non-object at file:/Volumes/HDD/project/chat_api/UnitTest/BaseTest.php line:34]
[2021-08-30 09:31:44][trigger][error]:[[Syntax Error] Expected EasySwoole\DoctrineAnnotation\DocLexer::T_CLOSE_PARENTHESIS, got '）' at position 336 in class App\HttpController\Api\User\User\UserInfo. at file:/Volumes/HDD/project/chat_api/vendor/easyswoole/doctrine-annotations/src/AnnotationException.php line:44]
[2021-08-30 09:31:44][trigger][notice]:[Trying to get property 'code' of non-object at file:/Volumes/HDD/project/chat_api/UnitTest/BaseTest.php line:34]
